Log file open, 01/31/20 20:29:05
LogWindows: Failed to load 'aqProf.dll' (GetLastError=126)
LogWindows: File 'aqProf.dll' does not exist
LogWindows: Failed to load 'VtuneApi.dll' (GetLastError=126)
LogWindows: File 'VtuneApi.dll' does not exist
LogWindows: Failed to load 'VtuneApi32e.dll' (GetLastError=126)
LogWindows: File 'VtuneApi32e.dll' does not exist
LogConsoleResponse: Display: Failed to find resolution value strings in scalability ini. Falling back to default.
LogInit: Display: Running engine for game: GGJ_Project_Ver1
LogPlatformFile: Not using cached read wrapper
LogTaskGraph: Started task graph with 5 named threads and 23 total threads with 3 sets of task threads.
LogStats: Stats thread started at 0.124446
LogD3D11RHI: Loaded GFSDK_Aftermath_Lib.x64.dll
LogICUInternationalization: ICU TimeZone Detection - Raw Offset: -7:00, Platform Override: ''
LogPluginManager: Mounting plugin Paper2D
LogPluginManager: Mounting plugin AISupport
LogPluginManager: Mounting plugin LightPropagationVolume
LogPluginManager: Mounting plugin ActorLayerUtilities
LogPluginManager: Mounting plugin AnimationSharing
LogPluginManager: Mounting plugin CLionSourceCodeAccess
LogPluginManager: Mounting plugin CodeLiteSourceCodeAccess
LogPluginManager: Mounting plugin GitSourceControl
LogPluginManager: Mounting plugin KDevelopSourceCodeAccess
LogPluginManager: Mounting plugin NullSourceCodeAccess
LogPluginManager: Mounting plugin PerforceSourceControl
LogPluginManager: Mounting plugin PlasticSourceControl
LogPluginManager: Mounting plugin SubversionSourceControl
LogPluginManager: Mounting plugin UObjectPlugin
LogPluginManager: Mounting plugin VisualStudioCodeSourceCodeAccess
LogPluginManager: Mounting plugin VisualStudioSourceCodeAccess
LogPluginManager: Mounting plugin XCodeSourceCodeAccess
LogPluginManager: Mounting plugin AssetManagerEditor
LogPluginManager: Mounting plugin CryptoKeys
LogPluginManager: Mounting plugin CurveEditorTools
LogPluginManager: Mounting plugin DataValidation
LogPluginManager: Mounting plugin FacialAnimation
LogPluginManager: Mounting plugin GameplayTagsEditor
LogPluginManager: Mounting plugin MacGraphicsSwitching
LogPluginManager: Mounting plugin MaterialAnalyzer
LogPluginManager: Mounting plugin MobileLauncherProfileWizard
LogPluginManager: Mounting plugin PluginBrowser
LogPluginManager: Mounting plugin SpeedTreeImporter
LogPluginManager: Mounting plugin DatasmithContent
LogPluginManager: Mounting plugin VariantManagerContent
LogPluginManager: Mounting plugin AlembicImporter
LogPluginManager: Mounting plugin AutomationUtils
LogPluginManager: Mounting plugin BackChannel
LogPluginManager: Mounting plugin CharacterAI
LogPluginManager: Mounting plugin GeometryCache
LogPluginManager: Mounting plugin PlatformCrypto
LogPluginManager: Mounting plugin ProxyLODPlugin
LogPluginManager: Mounting plugin SkeletalReduction
LogPluginManager: Mounting plugin MagicLeap
LogPluginManager: Mounting plugin MagicLeapMedia
LogPluginManager: Mounting plugin MLSDK
LogPluginManager: Mounting plugin AndroidMedia
LogPluginManager: Mounting plugin AvfMedia
LogPluginManager: Mounting plugin ImgMedia
LogPluginManager: Mounting plugin MediaCompositing
LogPluginManager: Mounting plugin MediaPlayerEditor
LogPluginManager: Mounting plugin WebMMedia
LogPluginManager: Mounting plugin WmfMedia
LogPluginManager: Mounting plugin TcpMessaging
LogPluginManager: Mounting plugin UdpMessaging
LogPluginManager: Mounting plugin ActorSequence
LogPluginManager: Mounting plugin LevelSequenceEditor
LogPluginManager: Mounting plugin MatineeToLevelSequence
LogPluginManager: Mounting plugin NetcodeUnitTest
LogPluginManager: Mounting plugin NUTUnrealEngine4
LogPluginManager: Mounting plugin OnlineSubsystemGooglePlay
LogPluginManager: Mounting plugin OnlineSubsystemIOS
LogPluginManager: Mounting plugin OnlineSubsystem
LogPluginManager: Mounting plugin OnlineSubsystemNull
LogPluginManager: Mounting plugin OnlineSubsystemUtils
LogPluginManager: Mounting plugin LauncherChunkInstaller
LogPluginManager: Mounting plugin AndroidDeviceProfileSelector
LogPluginManager: Mounting plugin AndroidMoviePlayer
LogPluginManager: Mounting plugin AndroidPermission
LogPluginManager: Mounting plugin AppleImageUtils
LogPluginManager: Mounting plugin AppleMoviePlayer
LogPluginManager: Mounting plugin ArchVisCharacter
LogPluginManager: Mounting plugin AssetTags
LogPluginManager: Mounting plugin AudioCapture
LogPluginManager: Mounting plugin CableComponent
LogPluginManager: Mounting plugin CustomMeshComponent
LogPluginManager: Mounting plugin EditableMesh
LogPluginManager: Mounting plugin ExampleDeviceProfileSelector
LogPluginManager: Mounting plugin GoogleCloudMessaging
LogPluginManager: Mounting plugin IOSDeviceProfileSelector
LogPluginManager: Mounting plugin LinuxDeviceProfileSelector
LogPluginManager: Mounting plugin LocationServicesBPLibrary
LogPluginManager: Mounting plugin MobilePatchingUtils
LogPluginManager: Mounting plugin OculusVR
LogPluginManager: Mounting plugin PhysXVehicles
LogPluginManager: Mounting plugin PostSplashScreen
LogPluginManager: Mounting plugin ProceduralMeshComponent
LogPluginManager: Mounting plugin RuntimePhysXCooking
LogPluginManager: Mounting plugin SignificanceManager
LogPluginManager: Mounting plugin SteamVR
LogPluginManager: Mounting plugin WebMMoviePlayer
LogPluginManager: Mounting plugin WindowsMoviePlayer
LogPluginManager: Mounting plugin ScreenshotTools
LogInit: Using libcurl 7.55.1-DEV
LogInit:  - built for x86_64-pc-win32
LogInit:  - supports SSL with OpenSSL/1.1.1
LogInit:  - supports HTTP deflate (compression) using libz 1.2.8
LogInit:  - other features:
LogInit:      CURL_VERSION_SSL
LogInit:      CURL_VERSION_LIBZ
LogInit:      CURL_VERSION_IPV6
LogInit:      CURL_VERSION_ASYNCHDNS
LogInit:      CURL_VERSION_LARGEFILE
LogInit:      CURL_VERSION_IDN
LogInit:  CurlRequestOptions (configurable via config and command line):
LogInit:  - bVerifyPeer = true  - Libcurl will verify peer certificate
LogInit:  - bUseHttpProxy = false  - Libcurl will NOT use HTTP proxy
LogInit:  - bDontReuseConnections = false  - Libcurl will reuse connections
LogInit:  - MaxHostConnections = 16  - Libcurl will limit the number of connections to a host
LogInit:  - LocalHostAddr = Default
LogInit:  - BufferSize = 65536
LogOnline: OSS: Creating online subsystem instance for: NULL
LogInit: WinSock: version 1.1 (2.2), MaxSocks=32767, MaxUdp=65467
LogOnline: OSS: TryLoadSubsystemAndSetDefault: Loaded subsystem for module [NULL]
LogInit: Build: ++UE4+Release-4.24-CL-10570792
LogInit: Engine Version: 4.24.0-10570792+++UE4+Release-4.24
LogInit: Compatible Engine Version: 4.24.0-10570792+++UE4+Release-4.24
LogInit: Net CL: 10570792
LogInit: OS: Windows 10 (Release 1909) (), CPU: Intel(R) Core(TM) i7-8809G CPU @ 3.10GHz, GPU: Radeon RX Vega M GH Graphics
LogInit: Compiled (64-bit): Dec  6 2019 02:05:13
LogInit: Compiled with Visual C++: 19.16.27032.01
LogInit: Build Configuration: Development
LogInit: Branch Name: ++UE4+Release-4.24
LogInit: Command Line: 
LogInit: Base Directory: C:/Program Files/Epic Games/UE_4.24/Engine/Binaries/Win64/
LogInit: Installed Engine Build: 1
LogDevObjectVersion: Number of dev versions registered: 25
LogDevObjectVersion:   Dev-Blueprints (B0D832E4-1F89-4F0D-ACCF-7EB736FD4AA2): 10
LogDevObjectVersion:   Dev-Build (E1C64328-A22C-4D53-A36C-8E866417BD8C): 0
LogDevObjectVersion:   Dev-Core (375EC13C-06E4-48FB-B500-84F0262A717E): 3
LogDevObjectVersion:   Dev-Editor (E4B068ED-F494-42E9-A231-DA0B2E46BB41): 37
LogDevObjectVersion:   Dev-Framework (CFFC743F-43B0-4480-9391-14DF171D2073): 36
LogDevObjectVersion:   Dev-Mobile (B02B49B5-BB20-44E9-A304-32B752E40360): 2
LogDevObjectVersion:   Dev-Networking (A4E4105C-59A1-49B5-A7C5-40C4547EDFEE): 0
LogDevObjectVersion:   Dev-Online (39C831C9-5AE6-47DC-9A44-9C173E1C8E7C): 0
LogDevObjectVersion:   Dev-Physics (78F01B33-EBEA-4F98-B9B4-84EACCB95AA2): 2
LogDevObjectVersion:   Dev-Platform (6631380F-2D4D-43E0-8009-CF276956A95A): 0
LogDevObjectVersion:   Dev-Rendering (12F88B9F-8875-4AFC-A67C-D90C383ABD29): 36
LogDevObjectVersion:   Dev-Sequencer (7B5AE74C-D270-4C10-A958-57980B212A5A): 11
LogDevObjectVersion:   Dev-VR (D7296918-1DD6-4BDD-9DE2-64A83CC13884): 2
LogDevObjectVersion:   Dev-LoadTimes (C2A15278-BFE7-4AFE-6C17-90FF531DF755): 1
LogDevObjectVersion:   Private-Geometry (6EACA3D4-40EC-4CC1-B786-8BED09428FC5): 3
LogDevObjectVersion:   Dev-AnimPhys (29E575DD-E0A3-4627-9D10-D276232CDCEA): 17
LogDevObjectVersion:   Dev-Anim (AF43A65D-7FD3-4947-9873-3E8ED9C1BB05): 2
LogDevObjectVersion:   Dev-ReflectionCapture (6B266CEC-1EC7-4B8F-A30B-E4D90942FC07): 1
LogDevObjectVersion:   Dev-Automation (0DF73D61-A23F-47EA-B727-89E90C41499A): 1
LogDevObjectVersion:   FortniteMain (601D1886-AC64-4F84-AA16-D3DE0DEAC7D6): 31
LogDevObjectVersion:   Dev-Enterprise (9DFFBCD6-494F-0158-E221-12823C92A888): 8
LogDevObjectVersion:   Dev-Niagara (F2AED0AC-9AFE-416F-8664-AA7FFA26D6FC): 1
LogDevObjectVersion:   Dev-Destruction (174F1F0B-B4C6-45A5-B13F-2EE8D0FB917D): 9
LogDevObjectVersion:   Dev-Physics-Ext (35F94A83-E258-406C-A318-09F59610247C): 8
LogDevObjectVersion:   Dev-CineCamera (B2E18506-4273-CFC2-A54E-F4BB758BBA07): 1
LogInit: Presizing for max 25165824 objects, including 0 objects not considered by GC, pre-allocating 0 bytes for permanent pool.
LogInit: Object subsystem initialized
LogConfig: Setting CVar [[con.DebugEarlyDefault:1]]
LogConfig: Setting CVar [[r.setres:1280x720]]
[2020.02.01-03.29.05:361][  0]LogConfig: Setting CVar [[r.VSync:0]]
[2020.02.01-03.29.05:361][  0]LogConfig: Setting CVar [[r.RHICmdBypass:0]]
[2020.02.01-03.29.05:361][  0]LogConfig: Applying CVar settings from Section [/Script/Engine.RendererSettings] File [C:/Users/u1001494/Documents/GitHub/GGJ2020Project/GGJ_Project_Ver1/Saved/Config/Windows/Engine.ini]
[2020.02.01-03.29.05:361][  0]LogConfig: Setting CVar [[r.GPUCrashDebugging:0]]
[2020.02.01-03.29.05:361][  0]LogConfig: Applying CVar settings from Section [/Script/Engine.RendererOverrideSettings] File [C:/Users/u1001494/Documents/GitHub/GGJ2020Project/GGJ_Project_Ver1/Saved/Config/Windows/Engine.ini]
[2020.02.01-03.29.05:361][  0]LogConfig: Applying CVar settings from Section [/Script/Engine.StreamingSettings] File [C:/Users/u1001494/Documents/GitHub/GGJ2020Project/GGJ_Project_Ver1/Saved/Config/Windows/Engine.ini]
[2020.02.01-03.29.05:361][  0]LogConfig: Setting CVar [[s.MinBulkDataSizeForAsyncLoading:131072]]
[2020.02.01-03.29.05:361][  0]LogConfig: Setting CVar [[s.AsyncLoadingThreadEnabled:0]]
[2020.02.01-03.29.05:361][  0]LogConfig: Setting CVar [[s.EventDrivenLoaderEnabled:1]]
[2020.02.01-03.29.05:361][  0]LogConfig: Setting CVar [[s.WarnIfTimeLimitExceeded:0]]
[2020.02.01-03.29.05:361][  0]LogConfig: Setting CVar [[s.TimeLimitExceededMultiplier:1.5]]
[2020.02.01-03.29.05:361][  0]LogConfig: Setting CVar [[s.TimeLimitExceededMinTime:0.005]]
[2020.02.01-03.29.05:361][  0]LogConfig: Setting CVar [[s.UseBackgroundLevelStreaming:1]]
[2020.02.01-03.29.05:361][  0]LogConfig: Setting CVar [[s.PriorityAsyncLoadingExtraTime:15.0]]
[2020.02.01-03.29.05:361][  0]LogConfig: Setting CVar [[s.LevelStreamingActorsUpdateTimeLimit:5.0]]
[2020.02.01-03.29.05:361][  0]LogConfig: Setting CVar [[s.PriorityLevelStreamingActorsUpdateExtraTime:5.0]]
[2020.02.01-03.29.05:361][  0]LogConfig: Setting CVar [[s.LevelStreamingComponentsRegistrationGranularity:10]]
[2020.02.01-03.29.05:361][  0]LogConfig: Setting CVar [[s.UnregisterComponentsTimeLimit:1.0]]
[2020.02.01-03.29.05:361][  0]LogConfig: Setting CVar [[s.LevelStreamingComponentsUnregistrationGranularity:5]]
[2020.02.01-03.29.05:361][  0]LogConfig: Setting CVar [[s.FlushStreamingOnExit:1]]
[2020.02.01-03.29.05:361][  0]LogConfig: Applying CVar settings from Section [/Script/Engine.GarbageCollectionSettings] File [C:/Users/u1001494/Documents/GitHub/GGJ2020Project/GGJ_Project_Ver1/Saved/Config/Windows/Engine.ini]
[2020.02.01-03.29.05:361][  0]LogConfig: Setting CVar [[gc.MaxObjectsNotConsideredByGC:1]]
[2020.02.01-03.29.05:361][  0]LogConfig: Setting CVar [[gc.SizeOfPermanentObjectPool:0]]
[2020.02.01-03.29.05:361][  0]LogConfig: Setting CVar [[gc.FlushStreamingOnGC:0]]
[2020.02.01-03.29.05:361][  0]LogConfig: Setting CVar [[gc.NumRetriesBeforeForcingGC:10]]
[2020.02.01-03.29.05:361][  0]LogConfig: Setting CVar [[gc.AllowParallelGC:1]]
[2020.02.01-03.29.05:361][  0]LogConfig: Setting CVar [[gc.TimeBetweenPurgingPendingKillObjects:61.1]]
[2020.02.01-03.29.05:361][  0]LogConfig: Setting CVar [[gc.MaxObjectsInEditor:25165824]]
[2020.02.01-03.29.05:361][  0]LogConfig: Setting CVar [[gc.IncrementalBeginDestroyEnabled:1]]
[2020.02.01-03.29.05:361][  0]LogConfig: Setting CVar [[gc.CreateGCClusters:1]]
[2020.02.01-03.29.05:362][  0]LogConfig: Setting CVar [[gc.MinGCClusterSize:5]]
[2020.02.01-03.29.05:362][  0]LogConfig: Setting CVar [[gc.ActorClusteringEnabled:0]]
[2020.02.01-03.29.05:362][  0]LogConfig: Setting CVar [[gc.BlueprintClusteringEnabled:0]]
[2020.02.01-03.29.05:362][  0]LogConfig: Setting CVar [[gc.UseDisregardForGCOnDedicatedServers:0]]
[2020.02.01-03.29.05:362][  0]LogConfig: Applying CVar settings from Section [/Script/Engine.NetworkSettings] File [C:/Users/u1001494/Documents/GitHub/GGJ2020Project/GGJ_Project_Ver1/Saved/Config/Windows/Engine.ini]
[2020.02.01-03.29.05:362][  0]LogConfig: Applying CVar settings from Section [/Script/UnrealEd.CookerSettings] File [C:/Users/u1001494/Documents/GitHub/GGJ2020Project/GGJ_Project_Ver1/Saved/Config/Windows/Engine.ini]
[2020.02.01-03.29.05:366][  0]LogConfig: Applying CVar settings from Section [ViewDistanceQuality@3] File [C:/Users/u1001494/Documents/GitHub/GGJ2020Project/GGJ_Project_Ver1/Saved/Config/Windows/Scalability.ini]
[2020.02.01-03.29.05:366][  0]LogConfig: Setting CVar [[r.SkeletalMeshLODBias:0]]
[2020.02.01-03.29.05:366][  0]LogConfig: Setting CVar [[r.ViewDistanceScale:1.0]]
[2020.02.01-03.29.05:366][  0]LogConfig: Applying CVar settings from Section [AntiAliasingQuality@3] File [C:/Users/u1001494/Documents/GitHub/GGJ2020Project/GGJ_Project_Ver1/Saved/Config/Windows/Scalability.ini]
[2020.02.01-03.29.05:366][  0]LogConfig: Setting CVar [[r.PostProcessAAQuality:4]]
[2020.02.01-03.29.05:366][  0]LogConfig: Applying CVar settings from Section [ShadowQuality@3] File [C:/Users/u1001494/Documents/GitHub/GGJ2020Project/GGJ_Project_Ver1/Saved/Config/Windows/Scalability.ini]
[2020.02.01-03.29.05:366][  0]LogConfig: Setting CVar [[r.LightFunctionQuality:1]]
[2020.02.01-03.29.05:366][  0]LogConfig: Setting CVar [[r.ShadowQuality:5]]
[2020.02.01-03.29.05:366][  0]LogConfig: Setting CVar [[r.Shadow.CSM.MaxCascades:10]]
[2020.02.01-03.29.05:366][  0]LogConfig: Setting CVar [[r.Shadow.MaxResolution:2048]]
[2020.02.01-03.29.05:366][  0]LogConfig: Setting CVar [[r.Shadow.MaxCSMResolution:2048]]
[2020.02.01-03.29.05:366][  0]LogConfig: Setting CVar [[r.Shadow.RadiusThreshold:0.01]]
[2020.02.01-03.29.05:366][  0]LogConfig: Setting CVar [[r.Shadow.DistanceScale:1.0]]
[2020.02.01-03.29.05:366][  0]LogConfig: Setting CVar [[r.Shadow.CSM.TransitionScale:1.0]]
[2020.02.01-03.29.05:366][  0]LogConfig: Setting CVar [[r.Shadow.PreShadowResolutionFactor:1.0]]
[2020.02.01-03.29.05:366][  0]LogConfig: Setting CVar [[r.DistanceFieldShadowing:1]]
[2020.02.01-03.29.05:366][  0]LogConfig: Setting CVar [[r.DistanceFieldAO:1]]
[2020.02.01-03.29.05:366][  0]LogConfig: Setting CVar [[r.AOQuality:2]]
[2020.02.01-03.29.05:366][  0]LogConfig: Setting CVar [[r.VolumetricFog:1]]
[2020.02.01-03.29.05:366][  0]LogConfig: Setting CVar [[r.VolumetricFog.GridPixelSize:8]]
[2020.02.01-03.29.05:366][  0]LogConfig: Setting CVar [[r.VolumetricFog.GridSizeZ:128]]
[2020.02.01-03.29.05:366][  0]LogConfig: Setting CVar [[r.VolumetricFog.HistoryMissSupersampleCount:4]]
[2020.02.01-03.29.05:366][  0]LogConfig: Setting CVar [[r.LightMaxDrawDistanceScale:1]]
[2020.02.01-03.29.05:366][  0]LogConfig: Setting CVar [[r.CapsuleShadows:1]]
[2020.02.01-03.29.05:366][  0]LogConfig: Applying CVar settings from Section [PostProcessQuality@3] File [C:/Users/u1001494/Documents/GitHub/GGJ2020Project/GGJ_Project_Ver1/Saved/Config/Windows/Scalability.ini]
[2020.02.01-03.29.05:366][  0]LogConfig: Setting CVar [[r.MotionBlurQuality:4]]
[2020.02.01-03.29.05:366][  0]LogConfig: Setting CVar [[r.AmbientOcclusionMipLevelFactor:0.4]]
[2020.02.01-03.29.05:366][  0]LogConfig: Setting CVar [[r.AmbientOcclusionMaxQuality:100]]
[2020.02.01-03.29.05:366][  0]LogConfig: Setting CVar [[r.AmbientOcclusionLevels:-1]]
[2020.02.01-03.29.05:366][  0]LogConfig: Setting CVar [[r.AmbientOcclusionRadiusScale:1.0]]
[2020.02.01-03.29.05:366][  0]LogConfig: Setting CVar [[r.DepthOfFieldQuality:2]]
[2020.02.01-03.29.05:366][  0]LogConfig: Setting CVar [[r.RenderTargetPoolMin:400]]
[2020.02.01-03.29.05:366][  0]LogConfig: Setting CVar [[r.LensFlareQuality:2]]
[2020.02.01-03.29.05:366][  0]LogConfig: Setting CVar [[r.SceneColorFringeQuality:1]]
[2020.02.01-03.29.05:366][  0]LogConfig: Setting CVar [[r.EyeAdaptationQuality:2]]
[2020.02.01-03.29.05:366][  0]LogConfig: Setting CVar [[r.BloomQuality:5]]
[2020.02.01-03.29.05:366][  0]LogConfig: Setting CVar [[r.FastBlurThreshold:100]]
[2020.02.01-03.29.05:366][  0]LogConfig: Setting CVar [[r.Upscale.Quality:3]]
[2020.02.01-03.29.05:366][  0]LogConfig: Setting CVar [[r.Tonemapper.GrainQuantization:1]]
[2020.02.01-03.29.05:366][  0]LogConfig: Setting CVar [[r.LightShaftQuality:1]]
[2020.02.01-03.29.05:366][  0]LogConfig: Setting CVar [[r.Filter.SizeScale:1]]
[2020.02.01-03.29.05:366][  0]LogConfig: Setting CVar [[r.Tonemapper.Quality:5]]
[2020.02.01-03.29.05:366][  0]LogConfig: Setting CVar [[r.DOF.Gather.AccumulatorQuality:1        ; higher gathering accumulator quality]]
[2020.02.01-03.29.05:366][  0]LogConfig: Setting CVar [[r.DOF.Gather.PostfilterMethod:1          ; Median3x3 postfilering method]]
[2020.02.01-03.29.05:366][  0]LogConfig: Setting CVar [[r.DOF.Gather.EnableBokehSettings:0       ; no bokeh simulation when gathering]]
[2020.02.01-03.29.05:366][  0]LogConfig: Setting CVar [[r.DOF.Gather.RingCount:4                 ; medium number of samples when gathering]]
[2020.02.01-03.29.05:366][  0]LogConfig: Setting CVar [[r.DOF.Scatter.ForegroundCompositing:1    ; additive foreground scattering]]
[2020.02.01-03.29.05:366][  0]LogConfig: Setting CVar [[r.DOF.Scatter.BackgroundCompositing:2    ; additive background scattering]]
[2020.02.01-03.29.05:366][  0]LogConfig: Setting CVar [[r.DOF.Scatter.EnableBokehSettings:1      ; bokeh simulation when scattering]]
[2020.02.01-03.29.05:366][  0]LogConfig: Setting CVar [[r.DOF.Scatter.MaxSpriteRatio:0.1         ; only a maximum of 10% of scattered bokeh]]
[2020.02.01-03.29.05:367][  0]LogConfig: Setting CVar [[r.DOF.Recombine.Quality:1                ; cheap slight out of focus]]
[2020.02.01-03.29.05:367][  0]LogConfig: Setting CVar [[r.DOF.Recombine.EnableBokehSettings:0    ; no bokeh simulation on slight out of focus]]
[2020.02.01-03.29.05:367][  0]LogConfig: Setting CVar [[r.DOF.TemporalAAQuality:1                ; more stable temporal accumulation]]
[2020.02.01-03.29.05:367][  0]LogConfig: Setting CVar [[r.DOF.Kernel.MaxForegroundRadius:0.025]]
[2020.02.01-03.29.05:367][  0]LogConfig: Setting CVar [[r.DOF.Kernel.MaxBackgroundRadius:0.025]]
[2020.02.01-03.29.05:367][  0]LogConfig: Applying CVar settings from Section [TextureQuality@3] File [C:/Users/u1001494/Documents/GitHub/GGJ2020Project/GGJ_Project_Ver1/Saved/Config/Windows/Scalability.ini]
[2020.02.01-03.29.05:367][  0]LogConfig: Setting CVar [[r.Streaming.MipBias:0]]
[2020.02.01-03.29.05:367][  0]LogConfig: Setting CVar [[r.Streaming.AmortizeCPUToGPUCopy:0]]
[2020.02.01-03.29.05:367][  0]LogConfig: Setting CVar [[r.Streaming.MaxNumTexturesToStreamPerFrame:0]]
[2020.02.01-03.29.05:367][  0]LogConfig: Setting CVar [[r.Streaming.Boost:1]]
[2020.02.01-03.29.05:367][  0]LogConfig: Setting CVar [[r.MaxAnisotropy:8]]
[2020.02.01-03.29.05:367][  0]LogConfig: Setting CVar [[r.VT.MaxAnisotropy:8]]
[2020.02.01-03.29.05:367][  0]LogConfig: Setting CVar [[r.Streaming.LimitPoolSizeToVRAM:0]]
[2020.02.01-03.29.05:367][  0]LogConfig: Setting CVar [[r.Streaming.PoolSize:1000]]
[2020.02.01-03.29.05:367][  0]LogConfig: Setting CVar [[r.Streaming.MaxEffectiveScreenSize:0]]
[2020.02.01-03.29.05:367][  0]LogConfig: Applying CVar settings from Section [EffectsQuality@3] File [C:/Users/u1001494/Documents/GitHub/GGJ2020Project/GGJ_Project_Ver1/Saved/Config/Windows/Scalability.ini]
[2020.02.01-03.29.05:367][  0]LogConfig: Setting CVar [[r.TranslucencyLightingVolumeDim:64]]
[2020.02.01-03.29.05:367][  0]LogConfig: Setting CVar [[r.RefractionQuality:2]]
[2020.02.01-03.29.05:367][  0]LogConfig: Setting CVar [[r.SSR.Quality:3]]
[2020.02.01-03.29.05:367][  0]LogConfig: Setting CVar [[r.SSR.HalfResSceneColor:0]]
[2020.02.01-03.29.05:367][  0]LogConfig: Setting CVar [[r.SceneColorFormat:4]]
[2020.02.01-03.29.05:367][  0]LogConfig: Setting CVar [[r.DetailMode:2]]
[2020.02.01-03.29.05:367][  0]LogConfig: Setting CVar [[r.TranslucencyVolumeBlur:1]]
[2020.02.01-03.29.05:367][  0]LogConfig: Setting CVar [[r.MaterialQualityLevel:1 ; High quality]]
[2020.02.01-03.29.05:367][  0]LogConfig: Setting CVar [[r.SSS.Scale:1]]
[2020.02.01-03.29.05:367][  0]LogConfig: Setting CVar [[r.SSS.SampleSet:2]]
[2020.02.01-03.29.05:367][  0]LogConfig: Setting CVar [[r.SSS.Quality:1]]
[2020.02.01-03.29.05:367][  0]LogConfig: Setting CVar [[r.SSS.HalfRes:1]]
[2020.02.01-03.29.05:367][  0]LogConfig: Setting CVar [[r.SSGI.Quality:3]]
[2020.02.01-03.29.05:367][  0]LogConfig: Setting CVar [[r.EmitterSpawnRateScale:1.0]]
[2020.02.01-03.29.05:367][  0]LogConfig: Setting CVar [[r.ParticleLightQuality:2]]
[2020.02.01-03.29.05:367][  0]LogConfig: Setting CVar [[r.SkyAtmosphere.AerialPerspectiveLUT.FastApplyOnOpaque:1 ; Always have FastSkyLUT 1 in this case to avoid wrong sky]]
[2020.02.01-03.29.05:367][  0]LogConfig: Setting CVar [[r.SkyAtmosphere.AerialPerspectiveLUT.SampleCountPerSlice:1]]
[2020.02.01-03.29.05:367][  0]LogConfig: Setting CVar [[r.SkyAtmosphere.AerialPerspectiveLUT.DepthResolution:16.0]]
[2020.02.01-03.29.05:367][  0]LogConfig: Setting CVar [[r.SkyAtmosphere.FastSkyLUT:1]]
[2020.02.01-03.29.05:367][  0]LogConfig: Setting CVar [[r.SkyAtmosphere.FastSkyLUT.SampleCountMin:4.0]]
[2020.02.01-03.29.05:367][  0]LogConfig: Setting CVar [[r.SkyAtmosphere.FastSkyLUT.SampleCountMax:32.0]]
[2020.02.01-03.29.05:367][  0]LogConfig: Setting CVar [[r.SkyAtmosphere.SampleCountMin:4.0]]
[2020.02.01-03.29.05:367][  0]LogConfig: Setting CVar [[r.SkyAtmosphere.SampleCountMax:32.0]]
[2020.02.01-03.29.05:367][  0]LogConfig: Setting CVar [[r.SkyAtmosphere.TransmittanceLUT.UseSmallFormat:0]]
[2020.02.01-03.29.05:367][  0]LogConfig: Setting CVar [[r.SkyAtmosphere.TransmittanceLUT.SampleCount:10.0]]
[2020.02.01-03.29.05:367][  0]LogConfig: Setting CVar [[r.SkyAtmosphere.MultiScatteringLUT.SampleCount:15.0]]
[2020.02.01-03.29.05:367][  0]LogConfig: Applying CVar settings from Section [FoliageQuality@3] File [C:/Users/u1001494/Documents/GitHub/GGJ2020Project/GGJ_Project_Ver1/Saved/Config/Windows/Scalability.ini]
[2020.02.01-03.29.05:367][  0]LogConfig: Setting CVar [[foliage.DensityScale:1.0]]
[2020.02.01-03.29.05:367][  0]LogConfig: Setting CVar [[grass.DensityScale:1.0]]
[2020.02.01-03.29.05:367][  0]LogConfig: Applying CVar settings from Section [ShadingQuality@3] File [C:/Users/u1001494/Documents/GitHub/GGJ2020Project/GGJ_Project_Ver1/Saved/Config/Windows/Scalability.ini]
[2020.02.01-03.29.05:367][  0]LogConfig: Setting CVar [[r.HairStrands.SkyLighting.SampleCount:16]]
[2020.02.01-03.29.05:367][  0]LogConfig: Setting CVar [[r.HairStrands.SkyLighting.JitterIntegration:0]]
[2020.02.01-03.29.05:367][  0]LogConfig: Setting CVar [[r.HairStrands.SkyAO.SampleCount:16]]
[2020.02.01-03.29.05:367][  0]LogInit: Selected Device Profile: [Windows]
[2020.02.01-03.29.05:367][  0]LogInit: Applying CVar settings loaded from the selected device profile: [Windows]
[2020.02.01-03.29.05:369][  0]LogHAL: Display: Platform has ~ 16 GB [17094619136 / 17179869184 / 16], which maps to Larger [LargestMinGB=32, LargerMinGB=12, DefaultMinGB=8, SmallerMinGB=6, SmallestMinGB=0)
[2020.02.01-03.29.05:369][  0]LogInit: Going up to parent DeviceProfile []
[2020.02.01-03.29.05:369][  0]LogConfig: Applying CVar settings from Section [ViewDistanceQuality@3] File [C:/Users/u1001494/Documents/GitHub/GGJ2020Project/GGJ_Project_Ver1/Saved/Config/Windows/Scalability.ini]
[2020.02.01-03.29.05:369][  0]LogConfig: Setting CVar [[r.SkeletalMeshLODBias:0]]
[2020.02.01-03.29.05:369][  0]LogConfig: Setting CVar [[r.ViewDistanceScale:1.0]]
[2020.02.01-03.29.05:369][  0]LogConfig: Applying CVar settings from Section [AntiAliasingQuality@3] File [C:/Users/u1001494/Documents/GitHub/GGJ2020Project/GGJ_Project_Ver1/Saved/Config/Windows/Scalability.ini]
[2020.02.01-03.29.05:369][  0]LogConfig: Setting CVar [[r.PostProcessAAQuality:4]]
[2020.02.01-03.29.05:369][  0]LogConfig: Applying CVar settings from Section [ShadowQuality@3] File [C:/Users/u1001494/Documents/GitHub/GGJ2020Project/GGJ_Project_Ver1/Saved/Config/Windows/Scalability.ini]
[2020.02.01-03.29.05:369][  0]LogConfig: Setting CVar [[r.LightFunctionQuality:1]]
[2020.02.01-03.29.05:369][  0]LogConfig: Setting CVar [[r.ShadowQuality:5]]
[2020.02.01-03.29.05:369][  0]LogConfig: Setting CVar [[r.Shadow.CSM.MaxCascades:10]]
[2020.02.01-03.29.05:369][  0]LogConfig: Setting CVar [[r.Shadow.MaxResolution:2048]]
[2020.02.01-03.29.05:369][  0]LogConfig: Setting CVar [[r.Shadow.MaxCSMResolution:2048]]
[2020.02.01-03.29.05:369][  0]LogConfig: Setting CVar [[r.Shadow.RadiusThreshold:0.01]]
[2020.02.01-03.29.05:369][  0]LogConfig: Setting CVar [[r.Shadow.DistanceScale:1.0]]
[2020.02.01-03.29.05:369][  0]LogConfig: Setting CVar [[r.Shadow.CSM.TransitionScale:1.0]]
[2020.02.01-03.29.05:369][  0]LogConfig: Setting CVar [[r.Shadow.PreShadowResolutionFactor:1.0]]
[2020.02.01-03.29.05:369][  0]LogConfig: Setting CVar [[r.DistanceFieldShadowing:1]]
[2020.02.01-03.29.05:369][  0]LogConfig: Setting CVar [[r.DistanceFieldAO:1]]
[2020.02.01-03.29.05:369][  0]LogConfig: Setting CVar [[r.AOQuality:2]]
[2020.02.01-03.29.05:369][  0]LogConfig: Setting CVar [[r.VolumetricFog:1]]
[2020.02.01-03.29.05:369][  0]LogConfig: Setting CVar [[r.VolumetricFog.GridPixelSize:8]]
[2020.02.01-03.29.05:369][  0]LogConfig: Setting CVar [[r.VolumetricFog.GridSizeZ:128]]
[2020.02.01-03.29.05:369][  0]LogConfig: Setting CVar [[r.VolumetricFog.HistoryMissSupersampleCount:4]]
[2020.02.01-03.29.05:369][  0]LogConfig: Setting CVar [[r.LightMaxDrawDistanceScale:1]]
[2020.02.01-03.29.05:369][  0]LogConfig: Setting CVar [[r.CapsuleShadows:1]]
[2020.02.01-03.29.05:369][  0]LogConfig: Applying CVar settings from Section [PostProcessQuality@3] File [C:/Users/u1001494/Documents/GitHub/GGJ2020Project/GGJ_Project_Ver1/Saved/Config/Windows/Scalability.ini]
[2020.02.01-03.29.05:369][  0]LogConfig: Setting CVar [[r.MotionBlurQuality:4]]
[2020.02.01-03.29.05:369][  0]LogConfig: Setting CVar [[r.AmbientOcclusionMipLevelFactor:0.4]]
[2020.02.01-03.29.05:370][  0]LogConfig: Setting CVar [[r.AmbientOcclusionMaxQuality:100]]
[2020.02.01-03.29.05:370][  0]LogConfig: Setting CVar [[r.AmbientOcclusionLevels:-1]]
[2020.02.01-03.29.05:370][  0]LogConfig: Setting CVar [[r.AmbientOcclusionRadiusScale:1.0]]
[2020.02.01-03.29.05:370][  0]LogConfig: Setting CVar [[r.DepthOfFieldQuality:2]]
[2020.02.01-03.29.05:370][  0]LogConfig: Setting CVar [[r.RenderTargetPoolMin:400]]
[2020.02.01-03.29.05:370][  0]LogConfig: Setting CVar [[r.LensFlareQuality:2]]
[2020.02.01-03.29.05:370][  0]LogConfig: Setting CVar [[r.SceneColorFringeQuality:1]]
[2020.02.01-03.29.05:370][  0]LogConfig: Setting CVar [[r.EyeAdaptationQuality:2]]
[2020.02.01-03.29.05:370][  0]LogConfig: Setting CVar [[r.BloomQuality:5]]
[2020.02.01-03.29.05:370][  0]LogConfig: Setting CVar [[r.FastBlurThreshold:100]]
[2020.02.01-03.29.05:370][  0]LogConfig: Setting CVar [[r.Upscale.Quality:3]]
[2020.02.01-03.29.05:370][  0]LogConfig: Setting CVar [[r.Tonemapper.GrainQuantization:1]]
[2020.02.01-03.29.05:370][  0]LogConfig: Setting CVar [[r.LightShaftQuality:1]]
[2020.02.01-03.29.05:370][  0]LogConfig: Setting CVar [[r.Filter.SizeScale:1]]
[2020.02.01-03.29.05:370][  0]LogConfig: Setting CVar [[r.Tonemapper.Quality:5]]
[2020.02.01-03.29.05:370][  0]LogConfig: Setting CVar [[r.DOF.Gather.AccumulatorQuality:1        ; higher gathering accumulator quality]]
[2020.02.01-03.29.05:370][  0]LogConfig: Setting CVar [[r.DOF.Gather.PostfilterMethod:1          ; Median3x3 postfilering method]]
[2020.02.01-03.29.05:370][  0]LogConfig: Setting CVar [[r.DOF.Gather.EnableBokehSettings:0       ; no bokeh simulation when gathering]]
[2020.02.01-03.29.05:370][  0]LogConfig: Setting CVar [[r.DOF.Gather.RingCount:4                 ; medium number of samples when gathering]]
[2020.02.01-03.29.05:370][  0]LogConfig: Setting CVar [[r.DOF.Scatter.ForegroundCompositing:1    ; additive foreground scattering]]
[2020.02.01-03.29.05:370][  0]LogConfig: Setting CVar [[r.DOF.Scatter.BackgroundCompositing:2    ; additive background scattering]]
[2020.02.01-03.29.05:370][  0]LogConfig: Setting CVar [[r.DOF.Scatter.EnableBokehSettings:1      ; bokeh simulation when scattering]]
[2020.02.01-03.29.05:370][  0]LogConfig: Setting CVar [[r.DOF.Scatter.MaxSpriteRatio:0.1         ; only a maximum of 10% of scattered bokeh]]
[2020.02.01-03.29.05:370][  0]LogConfig: Setting CVar [[r.DOF.Recombine.Quality:1                ; cheap slight out of focus]]
[2020.02.01-03.29.05:370][  0]LogConfig: Setting CVar [[r.DOF.Recombine.EnableBokehSettings:0    ; no bokeh simulation on slight out of focus]]
[2020.02.01-03.29.05:370][  0]LogConfig: Setting CVar [[r.DOF.TemporalAAQuality:1                ; more stable temporal accumulation]]
[2020.02.01-03.29.05:370][  0]LogConfig: Setting CVar [[r.DOF.Kernel.MaxForegroundRadius:0.025]]
[2020.02.01-03.29.05:370][  0]LogConfig: Setting CVar [[r.DOF.Kernel.MaxBackgroundRadius:0.025]]
[2020.02.01-03.29.05:370][  0]LogConfig: Applying CVar settings from Section [TextureQuality@3] File [C:/Users/u1001494/Documents/GitHub/GGJ2020Project/GGJ_Project_Ver1/Saved/Config/Windows/Scalability.ini]
[2020.02.01-03.29.05:370][  0]LogConfig: Setting CVar [[r.Streaming.MipBias:0]]
[2020.02.01-03.29.05:370][  0]LogConfig: Setting CVar [[r.Streaming.AmortizeCPUToGPUCopy:0]]
[2020.02.01-03.29.05:370][  0]LogConfig: Setting CVar [[r.Streaming.MaxNumTexturesToStreamPerFrame:0]]
[2020.02.01-03.29.05:370][  0]LogConfig: Setting CVar [[r.Streaming.Boost:1]]
[2020.02.01-03.29.05:370][  0]LogConfig: Setting CVar [[r.MaxAnisotropy:8]]
[2020.02.01-03.29.05:370][  0]LogConfig: Setting CVar [[r.VT.MaxAnisotropy:8]]
[2020.02.01-03.29.05:370][  0]LogConfig: Setting CVar [[r.Streaming.LimitPoolSizeToVRAM:0]]
[2020.02.01-03.29.05:370][  0]LogConfig: Setting CVar [[r.Streaming.PoolSize:1000]]
[2020.02.01-03.29.05:370][  0]LogConfig: Setting CVar [[r.Streaming.MaxEffectiveScreenSize:0]]
[2020.02.01-03.29.05:370][  0]LogConfig: Applying CVar settings from Section [EffectsQuality@3] File [C:/Users/u1001494/Documents/GitHub/GGJ2020Project/GGJ_Project_Ver1/Saved/Config/Windows/Scalability.ini]
[2020.02.01-03.29.05:370][  0]LogConfig: Setting CVar [[r.TranslucencyLightingVolumeDim:64]]
[2020.02.01-03.29.05:370][  0]LogConfig: Setting CVar [[r.RefractionQuality:2]]
[2020.02.01-03.29.05:370][  0]LogConfig: Setting CVar [[r.SSR.Quality:3]]
[2020.02.01-03.29.05:370][  0]LogConfig: Setting CVar [[r.SSR.HalfResSceneColor:0]]
[2020.02.01-03.29.05:370][  0]LogConfig: Setting CVar [[r.SceneColorFormat:4]]
[2020.02.01-03.29.05:370][  0]LogConfig: Setting CVar [[r.DetailMode:2]]
[2020.02.01-03.29.05:370][  0]LogConfig: Setting CVar [[r.TranslucencyVolumeBlur:1]]
[2020.02.01-03.29.05:370][  0]LogConfig: Setting CVar [[r.MaterialQualityLevel:1 ; High quality]]
[2020.02.01-03.29.05:370][  0]LogConfig: Setting CVar [[r.SSS.Scale:1]]
[2020.02.01-03.29.05:370][  0]LogConfig: Setting CVar [[r.SSS.SampleSet:2]]
[2020.02.01-03.29.05:370][  0]LogConfig: Setting CVar [[r.SSS.Quality:1]]
[2020.02.01-03.29.05:370][  0]LogConfig: Setting CVar [[r.SSS.HalfRes:1]]
[2020.02.01-03.29.05:370][  0]LogConfig: Setting CVar [[r.SSGI.Quality:3]]
[2020.02.01-03.29.05:370][  0]LogConfig: Setting CVar [[r.EmitterSpawnRateScale:1.0]]
[2020.02.01-03.29.05:370][  0]LogConfig: Setting CVar [[r.ParticleLightQuality:2]]
[2020.02.01-03.29.05:370][  0]LogConfig: Setting CVar [[r.SkyAtmosphere.AerialPerspectiveLUT.FastApplyOnOpaque:1 ; Always have FastSkyLUT 1 in this case to avoid wrong sky]]
[2020.02.01-03.29.05:370][  0]LogConfig: Setting CVar [[r.SkyAtmosphere.AerialPerspectiveLUT.SampleCountPerSlice:1]]
[2020.02.01-03.29.05:370][  0]LogConfig: Setting CVar [[r.SkyAtmosphere.AerialPerspectiveLUT.DepthResolution:16.0]]
[2020.02.01-03.29.05:370][  0]LogConfig: Setting CVar [[r.SkyAtmosphere.FastSkyLUT:1]]
[2020.02.01-03.29.05:370][  0]LogConfig: Setting CVar [[r.SkyAtmosphere.FastSkyLUT.SampleCountMin:4.0]]
[2020.02.01-03.29.05:370][  0]LogConfig: Setting CVar [[r.SkyAtmosphere.FastSkyLUT.SampleCountMax:32.0]]
[2020.02.01-03.29.05:370][  0]LogConfig: Setting CVar [[r.SkyAtmosphere.SampleCountMin:4.0]]
[2020.02.01-03.29.05:370][  0]LogConfig: Setting CVar [[r.SkyAtmosphere.SampleCountMax:32.0]]
[2020.02.01-03.29.05:370][  0]LogConfig: Setting CVar [[r.SkyAtmosphere.TransmittanceLUT.UseSmallFormat:0]]
[2020.02.01-03.29.05:370][  0]LogConfig: Setting CVar [[r.SkyAtmosphere.TransmittanceLUT.SampleCount:10.0]]
[2020.02.01-03.29.05:370][  0]LogConfig: Setting CVar [[r.SkyAtmosphere.MultiScatteringLUT.SampleCount:15.0]]
[2020.02.01-03.29.05:370][  0]LogConfig: Applying CVar settings from Section [FoliageQuality@3] File [C:/Users/u1001494/Documents/GitHub/GGJ2020Project/GGJ_Project_Ver1/Saved/Config/Windows/Scalability.ini]
[2020.02.01-03.29.05:370][  0]LogConfig: Setting CVar [[foliage.DensityScale:1.0]]
[2020.02.01-03.29.05:370][  0]LogConfig: Setting CVar [[grass.DensityScale:1.0]]
[2020.02.01-03.29.05:370][  0]LogConfig: Applying CVar settings from Section [ShadingQuality@3] File [C:/Users/u1001494/Documents/GitHub/GGJ2020Project/GGJ_Project_Ver1/Saved/Config/Windows/Scalability.ini]
[2020.02.01-03.29.05:370][  0]LogConfig: Setting CVar [[r.HairStrands.SkyLighting.SampleCount:16]]
[2020.02.01-03.29.05:370][  0]LogConfig: Setting CVar [[r.HairStrands.SkyLighting.JitterIntegration:0]]
[2020.02.01-03.29.05:370][  0]LogConfig: Setting CVar [[r.HairStrands.SkyAO.SampleCount:16]]
[2020.02.01-03.29.05:370][  0]LogConfig: Applying CVar settings from Section [Startup] File [../../../Engine/Config/ConsoleVariables.ini]
[2020.02.01-03.29.05:371][  0]LogConfig: Setting CVar [[net.UseAdaptiveNetUpdateFrequency:0]]
[2020.02.01-03.29.05:371][  0]LogConfig: Setting CVar [[p.chaos.AllowCreatePhysxBodies:1]]
[2020.02.01-03.29.05:371][  0]LogConfig: Applying CVar settings from Section [ConsoleVariables] File [C:/Users/u1001494/Documents/GitHub/GGJ2020Project/GGJ_Project_Ver1/Saved/Config/Windows/Engine.ini]
[2020.02.01-03.29.05:371][  0]LogInit: Computer: eae-n-067
[2020.02.01-03.29.05:371][  0]LogInit: User: u1001494
[2020.02.01-03.29.05:371][  0]LogInit: CPU Page size=4096, Cores=4
[2020.02.01-03.29.05:371][  0]LogInit: High frequency timer resolution =10.000000 MHz
[2020.02.01-03.29.05:371][  0]LogMemory: Memory total: Physical=15.9GB (16GB approx)
[2020.02.01-03.29.05:371][  0]LogMemory: Platform Memory Stats for Windows
[2020.02.01-03.29.05:371][  0]LogMemory: Process Physical Memory: 107.59 MB used, 107.59 MB peak
[2020.02.01-03.29.05:371][  0]LogMemory: Process Virtual Memory: 100.57 MB used, 100.57 MB peak
[2020.02.01-03.29.05:371][  0]LogMemory: Physical Memory: 5324.30 MB used,  10978.40 MB free, 16302.70 MB total
[2020.02.01-03.29.05:371][  0]LogMemory: Virtual Memory: 5138.01 MB used,  134212592.00 MB free, 134217728.00 MB total
[2020.02.01-03.29.05:373][  0]LogWindows: WindowsPlatformFeatures enabled
[2020.02.01-03.29.05:403][  0]LogInit: Using OS detected language (en-US).
[2020.02.01-03.29.05:403][  0]LogInit: Using OS detected locale (en-US).
[2020.02.01-03.29.05:403][  0]LogTextLocalizationManager: No specific localization for 'en-US' exists, so the 'en' localization will be used.
[2020.02.01-03.29.05:538][  0]LogInit: Setting process to per monitor DPI aware
[2020.02.01-03.29.05:570][  0]LogSlate: New Slate User Created.  User Index 0, Is Virtual User: 0
[2020.02.01-03.29.05:570][  0]LogSlate: Slate User Registered.  User Index 0, Is Virtual User: 0
[2020.02.01-03.29.05:689][  0]LogHMD: Failed to initialize OpenVR with code 110
[2020.02.01-03.29.05:689][  0]LogD3D11RHI: D3D11 min allowed feature level: 11_0
[2020.02.01-03.29.05:689][  0]LogD3D11RHI: D3D11 max allowed feature level: 11_0
[2020.02.01-03.29.05:689][  0]LogD3D11RHI: D3D11 adapters:
[2020.02.01-03.29.05:723][  0]LogD3D11RHI:    0. 'Radeon RX Vega M GH Graphics' (Feature Level 11_0)
[2020.02.01-03.29.05:723][  0]LogD3D11RHI:       4042/0/8151 MB DedicatedVideo/DedicatedSystem/SharedSystem, Outputs:1, VendorId:0x1002
[2020.02.01-03.29.05:753][  0]LogD3D11RHI:    1. 'Intel(R) HD Graphics 630' (Feature Level 11_0)
[2020.02.01-03.29.05:753][  0]LogD3D11RHI:       128/0/8151 MB DedicatedVideo/DedicatedSystem/SharedSystem, Outputs:0, VendorId:0x8086
[2020.02.01-03.29.05:761][  0]LogD3D11RHI:    2. 'Microsoft Basic Render Driver' (Feature Level 11_0)
[2020.02.01-03.29.05:761][  0]LogD3D11RHI:       0/0/8151 MB DedicatedVideo/DedicatedSystem/SharedSystem, Outputs:0, VendorId:0x1414
[2020.02.01-03.29.05:761][  0]LogD3D11RHI: Chosen D3D11 Adapter: 0
[2020.02.01-03.29.05:768][  0]LogD3D11RHI: Creating new Direct3DDevice
[2020.02.01-03.29.05:768][  0]LogD3D11RHI:     GPU DeviceId: 0x694c (for the marketing name, search the web for "GPU Device Id")
[2020.02.01-03.29.05:768][  0]LogWindows: EnumDisplayDevices:
[2020.02.01-03.29.05:768][  0]LogWindows:    0. 'Radeon RX Vega M GH Graphics' (P:1 D:1)
[2020.02.01-03.29.05:768][  0]LogWindows:    1. 'Radeon RX Vega M GH Graphics' (P:0 D:0)
[2020.02.01-03.29.05:769][  0]LogWindows:    2. 'Radeon RX Vega M GH Graphics' (P:0 D:0)
[2020.02.01-03.29.05:769][  0]LogWindows:    3. 'Radeon RX Vega M GH Graphics' (P:0 D:0)
[2020.02.01-03.29.05:769][  0]LogWindows:    4. 'Radeon RX Vega M GH Graphics' (P:0 D:0)
[2020.02.01-03.29.05:769][  0]LogWindows:    5. 'Radeon RX Vega M GH Graphics' (P:0 D:0)
[2020.02.01-03.29.05:770][  0]LogWindows:    6. 'Radeon RX Vega M GH Graphics' (P:0 D:0)
[2020.02.01-03.29.05:770][  0]LogWindows:    7. 'Radeon RX Vega M GH Graphics' (P:0 D:0)
[2020.02.01-03.29.05:770][  0]LogWindows:    8. 'Intel(R) HD Graphics 630' (P:0 D:0)
[2020.02.01-03.29.05:770][  0]LogWindows:    9. 'Intel(R) HD Graphics 630' (P:0 D:0)
[2020.02.01-03.29.05:771][  0]LogWindows: DebugString: PrimaryIsNotTheChoosenAdapter PrimaryIsNotTheChoosenAdapter FoundDriverCount:8 
[2020.02.01-03.29.05:771][  0]LogD3D11RHI:     Adapter Name: Radeon RX Vega M GH Graphics
[2020.02.01-03.29.05:771][  0]LogD3D11RHI:   Driver Version: Adrenalin 19.20.01.12 (internal:26.20.12001.12000, unified:26.20.12001.12000)
[2020.02.01-03.29.05:771][  0]LogD3D11RHI:      Driver Date: 6-24-2019
[2020.02.01-03.29.05:771][  0]LogRHI: Texture pool is 2829 MB (70% of 4042 MB)
[2020.02.01-03.29.05:857][  0]LogD3D11RHI: RHI does not have support for 64 bit atomics
[2020.02.01-03.29.05:857][  0]LogD3D11RHI: Async texture creation enabled
[2020.02.01-03.29.05:869][  0]LogD3D11RHI: GPU Timing Frequency: 25.000000 (Debug: 2 1)
[2020.02.01-03.29.06:157][  0]LogTargetPlatformManager: Display: Loaded TargetPlatform 'AllDesktop'
[2020.02.01-03.29.06:184][  0]LogTargetPlatformManager: Display: Loaded TargetPlatform 'Android'
[2020.02.01-03.29.06:184][  0]LogTargetPlatformManager: Display: Loaded TargetPlatform 'Android_ASTC'
[2020.02.01-03.29.06:184][  0]LogTargetPlatformManager: Display: Loaded TargetPlatform 'Android_ATC'
[2020.02.01-03.29.06:184][  0]LogTargetPlatformManager: Display: Loaded TargetPlatform 'Android_DXT'
[2020.02.01-03.29.06:184][  0]LogTargetPlatformManager: Display: Loaded TargetPlatform 'Android_ETC1'
[2020.02.01-03.29.06:184][  0]LogTargetPlatformManager: Display: Loaded TargetPlatform 'Android_ETC1a'
[2020.02.01-03.29.06:184][  0]LogTargetPlatformManager: Display: Loaded TargetPlatform 'Android_ETC2'
[2020.02.01-03.29.06:184][  0]LogTargetPlatformManager: Display: Loaded TargetPlatform 'Android_PVRTC'
[2020.02.01-03.29.06:184][  0]LogTargetPlatformManager: Display: Loaded TargetPlatform 'AndroidClient'
[2020.02.01-03.29.06:184][  0]LogTargetPlatformManager: Display: Loaded TargetPlatform 'Android_ASTCClient'
[2020.02.01-03.29.06:184][  0]LogTargetPlatformManager: Display: Loaded TargetPlatform 'Android_ATCClient'
[2020.02.01-03.29.06:184][  0]LogTargetPlatformManager: Display: Loaded TargetPlatform 'Android_DXTClient'
[2020.02.01-03.29.06:184][  0]LogTargetPlatformManager: Display: Loaded TargetPlatform 'Android_ETC1Client'
[2020.02.01-03.29.06:184][  0]LogTargetPlatformManager: Display: Loaded TargetPlatform 'Android_ETC1aClient'
[2020.02.01-03.29.06:184][  0]LogTargetPlatformManager: Display: Loaded TargetPlatform 'Android_ETC2Client'
[2020.02.01-03.29.06:184][  0]LogTargetPlatformManager: Display: Loaded TargetPlatform 'Android_PVRTCClient'
[2020.02.01-03.29.06:184][  0]LogTargetPlatformManager: Display: Loaded TargetPlatform 'Android_Multi'
[2020.02.01-03.29.06:184][  0]LogTargetPlatformManager: Display: Loaded TargetPlatform 'Android_MultiClient'
[2020.02.01-03.29.06:200][  0]LogTargetPlatformManager: Display: Loaded TargetPlatform 'IOSClient'
[2020.02.01-03.29.06:200][  0]LogTargetPlatformManager: Display: Loaded TargetPlatform 'IOS'
[2020.02.01-03.29.06:206][  0]LogTargetPlatformManager: Display: Loaded TargetPlatform 'LinuxNoEditor'
[2020.02.01-03.29.06:211][  0]LogTargetPlatformManager: Display: Loaded TargetPlatform 'LinuxClient'
[2020.02.01-03.29.06:217][  0]LogTargetPlatformManager: Display: Loaded TargetPlatform 'LinuxServer'
[2020.02.01-03.29.06:223][  0]LogTargetPlatformManager: Display: Loaded TargetPlatform 'LinuxAArch64NoEditor'
[2020.02.01-03.29.06:229][  0]LogTargetPlatformManager: Display: Loaded TargetPlatform 'LinuxAArch64Client'
[2020.02.01-03.29.06:235][  0]LogTargetPlatformManager: Display: Loaded TargetPlatform 'LinuxAArch64Server'
[2020.02.01-03.29.06:254][  0]LogTargetPlatformManager: Display: Loaded TargetPlatform 'Lumin'
[2020.02.01-03.29.06:254][  0]LogTargetPlatformManager: Display: Loaded TargetPlatform 'LuminClient'
[2020.02.01-03.29.06:265][  0]LogTargetPlatformManager: Display: Loaded TargetPlatform 'TVOSClient'
[2020.02.01-03.29.06:265][  0]LogTargetPlatformManager: Display: Loaded TargetPlatform 'TVOS'
[2020.02.01-03.29.06:271][  0]LogTargetPlatformManager: Display: Loaded TargetPlatform 'WindowsNoEditor'
[2020.02.01-03.29.06:278][  0]LogTargetPlatformManager: Display: Loaded TargetPlatform 'Windows'
[2020.02.01-03.29.06:284][  0]LogTargetPlatformManager: Display: Loaded TargetPlatform 'WindowsClient'
[2020.02.01-03.29.06:290][  0]LogTargetPlatformManager: Display: Loaded TargetPlatform 'WindowsServer'
[2020.02.01-03.29.06:290][  0]LogTargetPlatformManager: Display: Building Assets For Windows
[2020.02.01-03.29.06:293][  0]LogAudioDebug: Display: Lib vorbis DLL was dynamically loaded.
[2020.02.01-03.29.06:316][  0]LogShaderCompilers: Guid format shader working directory is -32 characters bigger than the processId version (../../../../../../Users/u1001494/Documents/GitHub/GGJ2020Project/GGJ_Project_Ver1/Intermediate/Shaders/WorkingDirectory/8452/).
[2020.02.01-03.29.06:316][  0]LogShaderCompilers: Cleaned the shader compiler working directory 'C:/Users/u1001494/AppData/Local/Temp/UnrealShaderWorkingDir/09B4EC7D49D48AED0AF2CABC3D663CCB/'.
[2020.02.01-03.29.06:317][  0]LogXGEController: Cleaning working directory: C:/Users/u1001494/AppData/Local/Temp/UnrealXGEWorkingDir/
[2020.02.01-03.29.06:317][  0]LogXGEController: Cannot use XGE Controller as Incredibuild is not installed on this machine.
[2020.02.01-03.29.06:317][  0]LogShaderCompilers: Cannot use XGE Shader Compiler as Incredibuild is not installed on this machine.
[2020.02.01-03.29.06:317][  0]LogShaderCompilers: Display: Using Local Shader Compiler.
[2020.02.01-03.29.06:922][  0]LogDerivedDataCache: Display: Max Cache Size: 512 MB
[2020.02.01-03.29.06:981][  0]LogDerivedDataCache: Loaded boot cache 0.06s 79MB C:/Users/u1001494/AppData/Local/UnrealEngine/4.24/DerivedDataCache/Boot.ddc.
[2020.02.01-03.29.06:981][  0]LogDerivedDataCache: Display: Loaded Boot cache: C:/Users/u1001494/AppData/Local/UnrealEngine/4.24/DerivedDataCache/Boot.ddc
[2020.02.01-03.29.06:981][  0]LogDerivedDataCache: FDerivedDataBackendGraph:  Pak pak cache file ../../../../../../Users/u1001494/Documents/GitHub/GGJ2020Project/GGJ_Project_Ver1/DerivedDataCache/DDC.ddp not found, will not use a pak cache.
[2020.02.01-03.29.06:981][  0]LogDerivedDataCache: Unable to find inner node Pak for hierarchical cache Hierarchy.
[2020.02.01-03.29.06:981][  0]LogDerivedDataCache: FDerivedDataBackendGraph:  CompressedPak pak cache file ../../../../../../Users/u1001494/Documents/GitHub/GGJ2020Project/GGJ_Project_Ver1/DerivedDataCache/Compressed.ddp not found, will not use a pak cache.
[2020.02.01-03.29.06:981][  0]LogDerivedDataCache: Unable to find inner node CompressedPak for hierarchical cache Hierarchy.
[2020.02.01-03.29.06:990][  0]LogDerivedDataCache: Display: Pak cache opened for reading ../../../Engine/DerivedDataCache/Compressed.ddp.
[2020.02.01-03.29.06:990][  0]LogDerivedDataCache: FDerivedDataBackendGraph:  EnterprisePak pak cache file ../../../Enterprise/DerivedDataCache/Compressed.ddp not found, will not use a pak cache.
[2020.02.01-03.29.06:990][  0]LogDerivedDataCache: Unable to find inner node EnterprisePak for hierarchical cache Hierarchy.
[2020.02.01-03.29.06:991][  0]LogDerivedDataCache: Using Local data cache path C:/Users/u1001494/AppData/Local/UnrealEngine/Common/DerivedDataCache: Writable
[2020.02.01-03.29.06:991][  0]LogDerivedDataCache: Shared data cache path not found in *engine.ini, will not use an Shared cache.
[2020.02.01-03.29.06:991][  0]LogDerivedDataCache: Unable to find inner node Shared for hierarchical cache Hierarchy.
[2020.02.01-03.29.07:017][  0]LogMaterial: Verifying Global Shaders for PCD3D_SM5
[2020.02.01-03.29.07:019][  0]LogSlate: Using FreeType 2.10.0
[2020.02.01-03.29.07:020][  0]LogSlate: SlateFontServices - WITH_FREETYPE: 1, WITH_HARFBUZZ: 1
[2020.02.01-03.29.07:063][  0]LogAssetRegistry: FAssetRegistry took 0.0020 seconds to start up
[2020.02.01-03.29.07:306][  0]LogInit: Selected Device Profile: [Windows]
[2020.02.01-03.29.07:453][  0]LogMeshReduction: Using QuadricMeshReduction for automatic static mesh reduction
[2020.02.01-03.29.07:453][  0]LogMeshReduction: Using SimplygonMeshReduction for automatic skeletal mesh reduction
[2020.02.01-03.29.07:453][  0]LogMeshReduction: Using ProxyLODMeshReduction for automatic mesh merging
[2020.02.01-03.29.07:453][  0]LogMeshReduction: No distributed automatic mesh merging module available
[2020.02.01-03.29.07:453][  0]LogMeshMerging: No distributed automatic mesh merging module available
[2020.02.01-03.29.07:463][  0]LogNetVersion: GGJ_Project_Ver1 1.0.0, NetCL: 10570792, EngineNetVer: 13, GameNetVer: 0 (Checksum: 311070247)
[2020.02.01-03.29.08:329][  0]LogPackageLocalizationCache: Processed 10 localized package path(s) for 1 prioritized culture(s) in 0.038079 seconds
[2020.02.01-03.29.08:335][  0]LogUObjectArray: 46750 objects as part of root set at end of initial load.
[2020.02.01-03.29.08:335][  0]LogUObjectAllocator: 8137160 out of 0 bytes used by permanent object pool.
[2020.02.01-03.29.08:335][  0]LogUObjectArray: CloseDisregardForGC: 0/0 objects in disregard for GC pool
[2020.02.01-03.29.08:686][  0]LogTcpMessaging: Initializing TcpMessaging bridge
[2020.02.01-03.29.08:689][  0]LogUdpMessaging: Initializing bridge on interface 0.0.0.0:0 to multicast group 230.0.0.1:6666.
[2020.02.01-03.29.08:741][  0]SourceControl: Source control is disabled
[2020.02.01-03.29.08:741][  0]SourceControl: Source control is disabled
[2020.02.01-03.29.08:743][  0]SourceControl: Source control is disabled
[2020.02.01-03.29.08:745][  0]SourceControl: Source control is disabled
[2020.02.01-03.29.08:746][  0]SourceControl: Source control is disabled
[2020.02.01-03.29.08:820][  0]LogAndroidPermission: UAndroidPermissionCallbackProxy::GetInstance
[2020.02.01-03.29.08:828][  0]LogAudioCaptureCore: Display: No Audio Capture implementations found. Audio input will be silent.
[2020.02.01-03.29.08:828][  0]LogAudioCaptureCore: Display: No Audio Capture implementations found. Audio input will be silent.
[2020.02.01-03.29.08:901][  0]LogOcInput: OculusInput pre-init called
[2020.02.01-03.29.08:907][  0]LogWindows: Failed to load 'OVRPlugin.dll' (GetLastError=126)
[2020.02.01-03.29.08:908][  0]LogWindows: File 'OVRPlugin.dll' does not exist
[2020.02.01-03.29.08:964][  0]LogEngine: Initializing Engine...
[2020.02.01-03.29.08:965][  0]LogHMD: Failed to initialize OpenVR with code 110
[2020.02.01-03.29.08:965][  0]LogStats: UGameplayTagsManager::InitializeManager -  0.000 s
[2020.02.01-03.29.09:263][  0]LogInit: Initializing FReadOnlyCVARCache
[2020.02.01-03.29.09:274][  0]LogAIModule: Creating AISystem for world Untitled
[2020.02.01-03.29.09:296][  0]LogAudioMixer: Display: Audio Mixer Platform Settings:
[2020.02.01-03.29.09:296][  0]LogAudioMixer: Display: 	Sample Rate:						  48000
[2020.02.01-03.29.09:296][  0]LogAudioMixer: Display: 	Callback Buffer Frame Size Requested: 1024
[2020.02.01-03.29.09:296][  0]LogAudioMixer: Display: 	Callback Buffer Frame Size To Use:	  1024
[2020.02.01-03.29.09:296][  0]LogAudioMixer: Display: 	Number of buffers to queue:			  2
[2020.02.01-03.29.09:296][  0]LogAudioMixer: Display: 	Max Channels (voices):				  32
[2020.02.01-03.29.09:296][  0]LogAudioMixer: Display: 	Number of Async Source Workers:		  0
[2020.02.01-03.29.09:296][  0]LogAudio: Display: AudioDevice MaxSources: 32
[2020.02.01-03.29.09:297][  0]LogAudio: Display: Using built-in audio occlusion.
[2020.02.01-03.29.09:297][  0]LogAudioMixer: Display: Initializing audio mixer.
[2020.02.01-03.29.09:311][  0]LogAudioMixer: Display: Audio Device Output Speaker Info:
[2020.02.01-03.29.09:312][  0]LogAudioMixer: Display: Name: Realtek Digital Output (3- Realtek(R) Audio)
[2020.02.01-03.29.09:312][  0]LogAudioMixer: Display: Is Default: Yes
[2020.02.01-03.29.09:312][  0]LogAudioMixer: Display: Sample Rate: 48000
[2020.02.01-03.29.09:312][  0]LogAudioMixer: Display: Channel Count Used: 2
[2020.02.01-03.29.09:312][  0]LogAudioMixer: Display: Device Channel Count: 2
[2020.02.01-03.29.09:312][  0]LogAudioMixer: Display: Channel Order:
[2020.02.01-03.29.09:312][  0]LogAudioMixer: Display: 0: FrontLeft
[2020.02.01-03.29.09:312][  0]LogAudioMixer: Display: 1: FrontRight
[2020.02.01-03.29.09:356][  0]LogAudioMixer: Display: Using Audio Device Realtek Digital Output (3- Realtek(R) Audio)
[2020.02.01-03.29.09:360][  0]LogInit: FAudioDevice initialized.
[2020.02.01-03.29.09:360][  0]LogNetVersion: Set ProjectVersion to 1.0.0.0. Version Checksum will be recalculated on next use.
[2020.02.01-03.29.09:443][  0]LogDerivedDataCache: Saved boot cache 0.08s 79MB C:/Users/u1001494/AppData/Local/UnrealEngine/4.24/DerivedDataCache/Boot.ddc.
[2020.02.01-03.29.09:447][  0]LogInit: Texture streaming: Enabled
[2020.02.01-03.29.09:459][  0]LogEngineSessionManager: EngineSessionManager initialized
[2020.02.01-03.29.09:459][  0]LogEditorSessionSummary: Verbose: Initializing EditorSessionSummaryWriter for editor session tracking
[2020.02.01-03.29.09:460][  0]LogEditorSessionSummary: EditorSessionSummaryWriter initialized
[2020.02.01-03.29.09:497][  0]LogInit: Transaction tracking system initialized
[2020.02.01-03.29.09:508][  0]BlueprintLog: New page: Editor Load
[2020.02.01-03.29.09:543][  0]LocalizationService: Localization service is disabled
[2020.02.01-03.29.09:795][  0]LogFileCache: Scanning file cache for directory 'C:/Users/u1001494/Documents/GitHub/GGJ2020Project/GGJ_Project_Ver1/Content/' took 0.00s
[2020.02.01-03.29.09:795][  0]LogCook: Display: Max memory allowance for cook 16384mb min free memory 0mb
[2020.02.01-03.29.09:795][  0]LogCook: Display: Mobile HDR setting 1
[2020.02.01-03.29.10:331][  0]SourceControl: Source control is disabled
[2020.02.01-03.29.10:331][  0]Cmd: MAP LOAD FILE="../../../../../../Users/u1001494/Documents/GitHub/GGJ2020Project/GGJ_Project_Ver1/Content/FirstPersonBP/Maps/FirstPersonExampleMap.umap" TEMPLATE=0 SHOWPROGRESS=1 FEATURELEVEL=3
[2020.02.01-03.29.10:332][  0]LightingResults: New page: Lighting Build
[2020.02.01-03.29.10:333][  0]LogWorld: UWorld::CleanupWorld for Untitled, bSessionEnded=true, bCleanupResources=true
[2020.02.01-03.29.10:333][  0]LogSlate: InvalidateAllWidgets triggered.  All widgets were invalidated
[2020.02.01-03.29.10:333][  0]MapCheck: New page: Map Check
[2020.02.01-03.29.10:333][  0]LightingResults: New page: Lighting Build
[2020.02.01-03.29.10:358][  0]LogUObjectHash: Compacting FUObjectHashTables data took   1.76ms
[2020.02.01-03.29.10:610][  0]LogAIModule: Creating AISystem for world FirstPersonExampleMap
[2020.02.01-03.29.10:633][  0]LogEditorServer: Finished looking for orphan Actors (0.000 secs)
[2020.02.01-03.29.10:660][  0]LogUObjectHash: Compacting FUObjectHashTables data took   1.81ms
[2020.02.01-03.29.10:660][  0]Cmd: MAP CHECKDEP NOCLEARLOG
[2020.02.01-03.29.10:660][  0]MapCheck: Map check complete: 0 Error(s), 0 Warning(s), took 0.103ms to complete.
[2020.02.01-03.29.10:660][  0]LogFileHelpers: Loading map 'FirstPersonExampleMap' took 0.329
[2020.02.01-03.29.10:791][  0]LogSlate: Updating window title bar state: overlay mode, drag disabled, window buttons hidden, title bar hidden
[2020.02.01-03.29.10:796][  0]LogSlate: Updating window title bar state: overlay mode, drag disabled, window buttons hidden, title bar hidden
[2020.02.01-03.29.10:801][  0]LogSlate: Updating window title bar state: overlay mode, drag disabled, window buttons hidden, title bar hidden
[2020.02.01-03.29.10:806][  0]LogSlate: Updating window title bar state: overlay mode, drag disabled, window buttons hidden, title bar hidden
[2020.02.01-03.29.10:814][  0]LogCollectionManager: Loaded 0 collections in 0.001719 seconds
[2020.02.01-03.29.10:826][  0]LogFileCache: Scanning file cache for directory 'C:/Users/u1001494/Documents/GitHub/GGJ2020Project/GGJ_Project_Ver1/Saved/Collections/' took 0.00s
[2020.02.01-03.29.10:826][  0]LogFileCache: Scanning file cache for directory 'C:/Users/u1001494/Documents/GitHub/GGJ2020Project/GGJ_Project_Ver1/Content/Developers/u1001494/Collections/' took 0.00s
[2020.02.01-03.29.10:826][  0]LogFileCache: Scanning file cache for directory 'C:/Users/u1001494/Documents/GitHub/GGJ2020Project/GGJ_Project_Ver1/Content/Collections/' took 0.00s
[2020.02.01-03.29.10:826][  0]LogContentBrowser: Native class hierarchy populated in 0.0072 seconds. Added 3015 classes and 717 folders.
[2020.02.01-03.29.10:829][  0]LogContentBrowser: Native class hierarchy updated for 'WidgetCarousel' in 0.0003 seconds. Added 0 classes and 0 folders.
[2020.02.01-03.29.10:868][  0]LogContentBrowser: Native class hierarchy updated for 'AddContentDialog' in 0.0002 seconds. Added 0 classes and 0 folders.
[2020.02.01-03.29.10:873][  0]LogContentBrowser: Native class hierarchy updated for 'SceneOutliner' in 0.0003 seconds. Added 2 classes and 3 folders.
[2020.02.01-03.29.10:917][  0]LogSlate: Took 0.000181 seconds to synchronously load lazily loaded font '../../../Engine/Content/Slate/Fonts/Roboto-Regular.ttf' (155K)
[2020.02.01-03.29.10:919][  0]LogSlate: Took 0.000253 seconds to synchronously load lazily loaded font '../../../Engine/Content/Slate/Fonts/Roboto-Bold.ttf' (160K)
[2020.02.01-03.29.10:922][  0]LogSlate: Took 0.000096 seconds to synchronously load lazily loaded font '../../../Engine/Content/Editor/Slate/Fonts/FontAwesome.ttf' (139K)
[2020.02.01-03.29.10:988][  0]LogRenderer: Reallocating scene render targets to support 1208x572 Format 10 NumSamples 1 (Frame:1).
[2020.02.01-03.29.11:112][  0]LogContentBrowser: Native class hierarchy updated for 'HierarchicalLODOutliner' in 0.0003 seconds. Added 0 classes and 0 folders.
[2020.02.01-03.29.11:112][  0]LogLoad: (Engine Initialization) Total time: 6.80 seconds
[2020.02.01-03.29.11:112][  0]LogLoad: (Engine Initialization) Total Blueprint compile time: 0.00 seconds
[2020.02.01-03.29.11:153][  0]LogAssetRegistry: Asset discovery search completed in 4.0915 seconds
[2020.02.01-03.29.11:156][  0]LogCollectionManager: Fixed up redirectors for 0 collections in 0.000007 seconds (updated 0 objects)
[2020.02.01-03.29.11:157][  0]LogContentStreaming: Texture pool size now 1000 MB
[2020.02.01-03.29.11:182][  0]LogSlate: Took 0.000143 seconds to synchronously load lazily loaded font '../../../Engine/Content/Slate/Fonts/Roboto-Light.ttf' (167K)
[2020.02.01-03.29.15:178][454]LogSlate: Took 0.000135 seconds to synchronously load lazily loaded font '../../../Engine/Content/Slate/Fonts/Roboto-Light.ttf' (167K)
[2020.02.01-03.29.16:202][454]LogSlate: Window 'Pick Parent Class' being destroyed
[2020.02.01-03.29.29:914][ 81]LogUObjectHash: Compacting FUObjectHashTables data took   1.35ms
[2020.02.01-03.29.32:025][ 81]LogSlate: Window 'Save Content' being destroyed
[2020.02.01-03.29.32:853][180]LogEditorViewport: Clicking on Actor (LMB): StaticMeshActor (EditorCube11)
[2020.02.01-03.29.36:265][565]LogEditorViewport: Clicking on Actor (LMB): StaticMeshActor (EditorCube8)
[2020.02.01-03.29.36:528][592]Cmd: DELETE
[2020.02.01-03.29.36:528][592]Cmd: ACTOR DELETE
[2020.02.01-03.29.36:536][592]LogEditorActor: Deleted Actor: StaticMeshActor
[2020.02.01-03.29.36:557][592]LogUObjectHash: Compacting FUObjectHashTables data took   0.62ms
[2020.02.01-03.29.36:558][592]LogEditorActor: Deleted 1 Actors (0.027 secs)
[2020.02.01-03.29.37:208][669]LogEditorViewport: Clicking on Actor (LMB): StaticMeshActor (EditorCube11)
[2020.02.01-03.29.37:368][684]Cmd: DELETE
[2020.02.01-03.29.37:368][684]Cmd: ACTOR DELETE
[2020.02.01-03.29.37:370][684]LogEditorActor: Deleted Actor: StaticMeshActor
[2020.02.01-03.29.37:390][684]LogUObjectHash: Compacting FUObjectHashTables data took   0.65ms
[2020.02.01-03.29.37:390][684]LogEditorActor: Deleted 1 Actors (0.022 secs)
[2020.02.01-03.29.37:796][732]LogEditorViewport: Clicking on Actor (LMB): StaticMeshActor (EditorCube10)
[2020.02.01-03.29.37:948][746]Cmd: DELETE
[2020.02.01-03.29.37:948][746]Cmd: ACTOR DELETE
[2020.02.01-03.29.37:949][746]LogEditorActor: Deleted Actor: StaticMeshActor
[2020.02.01-03.29.37:973][746]LogUObjectHash: Compacting FUObjectHashTables data took   0.67ms
[2020.02.01-03.29.37:974][746]LogEditorActor: Deleted 1 Actors (0.026 secs)
[2020.02.01-03.29.38:387][795]LogEditorViewport: Clicking on Actor (LMB): StaticMeshActor (EditorCube9)
[2020.02.01-03.29.38:581][814]Cmd: DELETE
[2020.02.01-03.29.38:581][814]Cmd: ACTOR DELETE
[2020.02.01-03.29.38:582][814]LogEditorActor: Deleted Actor: StaticMeshActor
[2020.02.01-03.29.38:603][814]LogUObjectHash: Compacting FUObjectHashTables data took   0.64ms
[2020.02.01-03.29.38:604][814]LogEditorActor: Deleted 1 Actors (0.022 secs)
[2020.02.01-03.29.38:970][858]LogEditorViewport: Clicking on Actor (LMB): StaticMeshActor (EditorCube14)
[2020.02.01-03.29.39:128][873]Cmd: DELETE
[2020.02.01-03.29.39:129][873]Cmd: ACTOR DELETE
[2020.02.01-03.29.39:130][873]LogEditorActor: Deleted Actor: StaticMeshActor
[2020.02.01-03.29.39:151][873]LogUObjectHash: Compacting FUObjectHashTables data took   0.58ms
[2020.02.01-03.29.39:152][873]LogEditorActor: Deleted 1 Actors (0.023 secs)
[2020.02.01-03.29.39:455][909]LogEditorViewport: Clicking on Actor (LMB): StaticMeshActor (EditorCube12)
[2020.02.01-03.29.39:673][931]Cmd: DELETE
[2020.02.01-03.29.39:673][931]Cmd: ACTOR DELETE
[2020.02.01-03.29.39:674][931]LogEditorActor: Deleted Actor: StaticMeshActor
[2020.02.01-03.29.39:694][931]LogUObjectHash: Compacting FUObjectHashTables data took   0.58ms
[2020.02.01-03.29.39:696][931]LogEditorActor: Deleted 1 Actors (0.023 secs)
[2020.02.01-03.29.40:142][984]LogEditorViewport: Clicking on Actor (LMB): StaticMeshActor (EditorCube13)
[2020.02.01-03.29.40:266][995]Cmd: DELETE
[2020.02.01-03.29.40:266][995]Cmd: ACTOR DELETE
[2020.02.01-03.29.40:267][995]LogEditorActor: Deleted Actor: StaticMeshActor
[2020.02.01-03.29.40:288][995]LogUObjectHash: Compacting FUObjectHashTables data took   0.64ms
[2020.02.01-03.29.40:289][995]LogEditorActor: Deleted 1 Actors (0.023 secs)
[2020.02.01-03.29.41:286][114]LogEditorViewport: Clicking on Actor (LMB): StaticMeshActor (BigWall2)
[2020.02.01-03.29.55:516][765]LogUObjectHash: Compacting FUObjectHashTables data took   1.28ms
[2020.02.01-03.29.56:282][765]LogSlate: Window 'Save Content' being destroyed
[2020.02.01-03.29.56:334][765]LogUObjectHash: Compacting FUObjectHashTables data took   0.65ms
[2020.02.01-03.29.56:473][765]LogSavePackage: Moving '../../../../../../Users/u1001494/Documents/GitHub/GGJ2020Project/GGJ_Project_Ver1/Saved/FirstPersonExampleMapC72019604E8D0C7277BD9D9D344F8B6C.tmp' to '../../../../../../Users/u1001494/Documents/GitHub/GGJ2020Project/GGJ_Project_Ver1/Content/FirstPersonBP/Maps/FirstPersonExampleMap.umap'
[2020.02.01-03.29.56:494][765]LogFileHelpers: Saving map 'FirstPersonExampleMap' took 0.183
[2020.02.01-03.29.56:504][765]LogSavePackage: Moving '../../../../../../Users/u1001494/Documents/GitHub/GGJ2020Project/GGJ_Project_Ver1/Saved/TheFirstAsset_BP1C409C2648AE0FFF65436A84F2107E0E.tmp' to '../../../../../../Users/u1001494/Documents/GitHub/GGJ2020Project/GGJ_Project_Ver1/Content/FirstPersonBP/TheFirstAsset_BP.uasset'
[2020.02.01-03.29.56:525][765]AssetCheck: New page: Asset Save: multiple assets
[2020.02.01-03.29.56:525][765]LogContentValidation: Display: Validating World /Game/FirstPersonBP/Maps/FirstPersonExampleMap.FirstPersonExampleMap
[2020.02.01-03.29.56:525][765]LogContentValidation: Display: Validating Blueprint /Game/FirstPersonBP/TheFirstAsset_BP.TheFirstAsset_BP
[2020.02.01-03.29.57:216][839]LogUObjectHash: Compacting FUObjectHashTables data took   2.18ms
[2020.02.01-03.29.57:341][839]LogSavePackage: Moving '../../../../../../Users/u1001494/Documents/GitHub/GGJ2020Project/GGJ_Project_Ver1/Saved/FirstPersonExampleMapCA87FC084FFD7B65930E49ABBD881C26.tmp' to '../../../../../../Users/u1001494/Documents/GitHub/GGJ2020Project/GGJ_Project_Ver1/Content/FirstPersonBP/Maps/FirstPersonExampleMap.umap'
[2020.02.01-03.29.58:415][839]LogSavePackage: Moving '../../../../../../Users/u1001494/Documents/GitHub/GGJ2020Project/GGJ_Project_Ver1/Saved/FirstPersonExampleMap_BuiltDataCD6B762A4A9CA149F4E51294B5066460.tmp' to '../../../../../../Users/u1001494/Documents/GitHub/GGJ2020Project/GGJ_Project_Ver1/Content/FirstPersonBP/Maps/FirstPersonExampleMap_BuiltData.uasset'
[2020.02.01-03.29.58:443][839]AssetCheck: New page: Asset Save: multiple assets
[2020.02.01-03.29.58:443][839]LogContentValidation: Display: Validating World /Game/FirstPersonBP/Maps/FirstPersonExampleMap.FirstPersonExampleMap
[2020.02.01-03.29.58:443][839]LogContentValidation: Display: Validating MapBuildDataRegistry /Game/FirstPersonBP/Maps/FirstPersonExampleMap_BuiltData.FirstPersonExampleMap_BuiltData
